<?xml version="1.0" encoding="UTF-8"?>
<robot generator="Robot 4.1 (Python 3.10.1 on win32)" generated="20220210 09:37:30.905" rpa="false" schemaversion="2">
<suite id="s1" name="LoginTest" source="C:\robot-api\Tests\LoginTest.robot">
<test id="s1-t1" name="Realizar Login Sucesso">
<kw name="Realizar Login" library="LoginKeywords">
<arg>${EMAIL_CORRETO}</arg>
<arg>${PASSWORD_CORRETO}</arg>
<doc>kw utilizada para login</doc>
<kw name="Create Dictionary" library="BuiltIn">
<var>${header}</var>
<arg>content-type=application/json</arg>
<doc>Creates and returns a dictionary based on the given ``items``.</doc>
<msg timestamp="20220210 09:37:31.911" level="INFO">${header} = {'content-type': 'application/json'}</msg>
<status status="PASS" starttime="20220210 09:37:31.910" endtime="20220210 09:37:31.911"/>
</kw>
<kw name="Create Dictionary" library="BuiltIn">
<var>${body}</var>
<arg>email=${EMAIL}</arg>
<arg>password=${PASSWORD}</arg>
<doc>Creates and returns a dictionary based on the given ``items``.</doc>
<msg timestamp="20220210 09:37:31.911" level="INFO">${body} = {'email': 'fulano@qa.com', 'password': 'teste'}</msg>
<status status="PASS" starttime="20220210 09:37:31.911" endtime="20220210 09:37:31.911"/>
</kw>
<kw name="Create Session" library="RequestsLibrary">
<arg>login</arg>
<arg>${URL_LOCAL}</arg>
<doc>Create Session: create a HTTP session to a server</doc>
<msg timestamp="20220210 09:37:31.911" level="INFO">Creating Session using : alias=login, url=http://localhost:3000, headers={},                     cookies={}, auth=None, timeout=None, proxies=None, verify=False,                     debug=0 </msg>
<status status="PASS" starttime="20220210 09:37:31.911" endtime="20220210 09:37:31.913"/>
</kw>
<kw name="Post Request" library="RequestsLibrary">
<var>${response}</var>
<arg>login</arg>
<arg>/login</arg>
<arg>headers=${header}</arg>
<arg>json=${body}</arg>
<doc>Send a POST request on the session object found using the
given `alias`</doc>
<msg timestamp="20220210 09:37:31.914" level="INFO">POST Request using : uri=/login, params=None, files=None, allow_redirects=True, timeout=None
headers={'User-Agent': 'python-requests/2.26.0', 'Accept-Encoding': 'gzip, deflate', 'Accept': '*/*', 'Connection': 'keep-alive', 'content-type': 'application/json'} 
data=None 
json={'email': 'fulano@qa.com', 'password': 'teste'}</msg>
<msg timestamp="20220210 09:37:32.005" level="INFO">${response} = &lt;Response [200]&gt;</msg>
<status status="PASS" starttime="20220210 09:37:31.913" endtime="20220210 09:37:32.006"/>
</kw>
<kw name="Log" library="BuiltIn">
<arg>${response}</arg>
<doc>Logs the given message with the given level.</doc>
<msg timestamp="20220210 09:37:32.006" level="INFO">&lt;Response [200]&gt;</msg>
<status status="PASS" starttime="20220210 09:37:32.006" endtime="20220210 09:37:32.006"/>
</kw>
<kw name="Set Test Variable" library="BuiltIn">
<arg>${response}</arg>
<doc>Makes a variable available everywhere within the scope of the current test.</doc>
<msg timestamp="20220210 09:37:32.007" level="INFO">${response} = &lt;Response [200]&gt;</msg>
<status status="PASS" starttime="20220210 09:37:32.007" endtime="20220210 09:37:32.007"/>
</kw>
<status status="PASS" starttime="20220210 09:37:31.909" endtime="20220210 09:37:32.008"/>
</kw>
<kw name="Should Be Equal As Numbers" library="BuiltIn">
<arg>${response.status_code}</arg>
<arg>200</arg>
<doc>Fails if objects are unequal after converting them to real numbers.</doc>
<msg timestamp="20220210 09:37:32.009" level="INFO">Argument types are:
&lt;class 'int'&gt;
&lt;type 'unicode'&gt;</msg>
<status status="PASS" starttime="20220210 09:37:32.008" endtime="20220210 09:37:32.009"/>
</kw>
<kw name="Should Be Equal As Strings" library="BuiltIn">
<arg>${response.json()["message"]}</arg>
<arg>${MSG_LOGIN_SUCESSO}</arg>
<doc>Fails if objects are unequal after converting them to strings.</doc>
<status status="PASS" starttime="20220210 09:37:32.010" endtime="20220210 09:37:32.011"/>
</kw>
<kw name="Should Not Be Empty" library="BuiltIn">
<arg>${response.json()["authorization"]}</arg>
<doc>Verifies that the given item is not empty.</doc>
<msg timestamp="20220210 09:37:32.013" level="INFO">Length is 192</msg>
<status status="PASS" starttime="20220210 09:37:32.012" endtime="20220210 09:37:32.013"/>
</kw>
<kw name="Set Global Variable" library="BuiltIn">
<arg>${TOKEN}</arg>
<arg>${response.json()["authorization"]}</arg>
<doc>Makes a variable available globally in all tests and suites.</doc>
<msg timestamp="20220210 09:37:32.014" level="INFO">${TOKEN} = Bearer eyJhbGciOiJIUzI1NiIsInR5cCI6IkpXVCJ9.eyJlbWFpbCI6ImZ1bGFub0BxYS5jb20iLCJwYXNzd29yZCI6InRlc3RlIiwiaWF0IjoxNjQ0NDk2NjUxLCJleHAiOjE2NDQ0OTcyNTF9.60X9d6cnUMf8bL_UISh8gV9xQ9u9jpBI8ktjk07ORY8</msg>
<status status="PASS" starttime="20220210 09:37:32.013" endtime="20220210 09:37:32.014"/>
</kw>
<kw name="Log" library="BuiltIn">
<arg>${TOKEN}</arg>
<doc>Logs the given message with the given level.</doc>
<msg timestamp="20220210 09:37:32.016" level="INFO">Bearer eyJhbGciOiJIUzI1NiIsInR5cCI6IkpXVCJ9.eyJlbWFpbCI6ImZ1bGFub0BxYS5jb20iLCJwYXNzd29yZCI6InRlc3RlIiwiaWF0IjoxNjQ0NDk2NjUxLCJleHAiOjE2NDQ0OTcyNTF9.60X9d6cnUMf8bL_UISh8gV9xQ9u9jpBI8ktjk07ORY8</msg>
<status status="PASS" starttime="20220210 09:37:32.016" endtime="20220210 09:37:32.016"/>
</kw>
<tag>@login</tag>
<tag>@regression</tag>
<status status="PASS" starttime="20220210 09:37:31.908" endtime="20220210 09:37:32.016"/>
</test>
<test id="s1-t2" name="Realizar Login credencial email inválido">
<kw name="Realizar Login" library="LoginKeywords">
<arg>${EMAIL_INCORRETO}</arg>
<arg>${PASSWORD_CORRETO}</arg>
<doc>kw utilizada para login</doc>
<kw name="Create Dictionary" library="BuiltIn">
<var>${header}</var>
<arg>content-type=application/json</arg>
<doc>Creates and returns a dictionary based on the given ``items``.</doc>
<msg timestamp="20220210 09:37:32.021" level="INFO">${header} = {'content-type': 'application/json'}</msg>
<status status="PASS" starttime="20220210 09:37:32.020" endtime="20220210 09:37:32.021"/>
</kw>
<kw name="Create Dictionary" library="BuiltIn">
<var>${body}</var>
<arg>email=${EMAIL}</arg>
<arg>password=${PASSWORD}</arg>
<doc>Creates and returns a dictionary based on the given ``items``.</doc>
<msg timestamp="20220210 09:37:32.021" level="INFO">${body} = {'email': 'email@incorreto.com', 'password': 'teste'}</msg>
<status status="PASS" starttime="20220210 09:37:32.021" endtime="20220210 09:37:32.021"/>
</kw>
<kw name="Create Session" library="RequestsLibrary">
<arg>login</arg>
<arg>${URL_LOCAL}</arg>
<doc>Create Session: create a HTTP session to a server</doc>
<msg timestamp="20220210 09:37:32.021" level="INFO">Creating Session using : alias=login, url=http://localhost:3000, headers={},                     cookies={}, auth=None, timeout=None, proxies=None, verify=False,                     debug=0 </msg>
<status status="PASS" starttime="20220210 09:37:32.021" endtime="20220210 09:37:32.021"/>
</kw>
<kw name="Post Request" library="RequestsLibrary">
<var>${response}</var>
<arg>login</arg>
<arg>/login</arg>
<arg>headers=${header}</arg>
<arg>json=${body}</arg>
<doc>Send a POST request on the session object found using the
given `alias`</doc>
<msg timestamp="20220210 09:37:32.021" level="INFO">POST Request using : uri=/login, params=None, files=None, allow_redirects=True, timeout=None
headers={'User-Agent': 'python-requests/2.26.0', 'Accept-Encoding': 'gzip, deflate', 'Accept': '*/*', 'Connection': 'keep-alive', 'content-type': 'application/json'} 
data=None 
json={'email': 'email@incorreto.com', 'password': 'teste'}</msg>
<msg timestamp="20220210 09:37:32.033" level="INFO">${response} = &lt;Response [401]&gt;</msg>
<status status="PASS" starttime="20220210 09:37:32.021" endtime="20220210 09:37:32.033"/>
</kw>
<kw name="Log" library="BuiltIn">
<arg>${response}</arg>
<doc>Logs the given message with the given level.</doc>
<msg timestamp="20220210 09:37:32.034" level="INFO">&lt;Response [401]&gt;</msg>
<status status="PASS" starttime="20220210 09:37:32.033" endtime="20220210 09:37:32.034"/>
</kw>
<kw name="Set Test Variable" library="BuiltIn">
<arg>${response}</arg>
<doc>Makes a variable available everywhere within the scope of the current test.</doc>
<msg timestamp="20220210 09:37:32.035" level="INFO">${response} = &lt;Response [401]&gt;</msg>
<status status="PASS" starttime="20220210 09:37:32.034" endtime="20220210 09:37:32.035"/>
</kw>
<status status="PASS" starttime="20220210 09:37:32.019" endtime="20220210 09:37:32.035"/>
</kw>
<kw name="Should Be Equal As Numbers" library="BuiltIn">
<arg>${response.status_code}</arg>
<arg>401</arg>
<doc>Fails if objects are unequal after converting them to real numbers.</doc>
<msg timestamp="20220210 09:37:32.037" level="INFO">Argument types are:
&lt;class 'int'&gt;
&lt;type 'unicode'&gt;</msg>
<status status="PASS" starttime="20220210 09:37:32.035" endtime="20220210 09:37:32.037"/>
</kw>
<kw name="Should Be Equal As Strings" library="BuiltIn">
<arg>${response.json()["message"]}</arg>
<arg>${MSG_EMAIL_OU_SENHA_INCORRETOS}</arg>
<doc>Fails if objects are unequal after converting them to strings.</doc>
<status status="PASS" starttime="20220210 09:37:32.037" endtime="20220210 09:37:32.039"/>
</kw>
<tag>@login</tag>
<status status="PASS" starttime="20220210 09:37:32.018" endtime="20220210 09:37:32.039"/>
</test>
<test id="s1-t3" name="Realizar Login credencial password invalido">
<kw name="Realizar Login" library="LoginKeywords">
<arg>${EMAIL_CORRETO}</arg>
<arg>${PASSWORD_INCORRETO}</arg>
<doc>kw utilizada para login</doc>
<kw name="Create Dictionary" library="BuiltIn">
<var>${header}</var>
<arg>content-type=application/json</arg>
<doc>Creates and returns a dictionary based on the given ``items``.</doc>
<msg timestamp="20220210 09:37:32.044" level="INFO">${header} = {'content-type': 'application/json'}</msg>
<status status="PASS" starttime="20220210 09:37:32.043" endtime="20220210 09:37:32.044"/>
</kw>
<kw name="Create Dictionary" library="BuiltIn">
<var>${body}</var>
<arg>email=${EMAIL}</arg>
<arg>password=${PASSWORD}</arg>
<doc>Creates and returns a dictionary based on the given ``items``.</doc>
<msg timestamp="20220210 09:37:32.044" level="INFO">${body} = {'email': 'fulano@qa.com', 'password': 'senha_incorreta'}</msg>
<status status="PASS" starttime="20220210 09:37:32.044" endtime="20220210 09:37:32.044"/>
</kw>
<kw name="Create Session" library="RequestsLibrary">
<arg>login</arg>
<arg>${URL_LOCAL}</arg>
<doc>Create Session: create a HTTP session to a server</doc>
<msg timestamp="20220210 09:37:32.044" level="INFO">Creating Session using : alias=login, url=http://localhost:3000, headers={},                     cookies={}, auth=None, timeout=None, proxies=None, verify=False,                     debug=0 </msg>
<status status="PASS" starttime="20220210 09:37:32.044" endtime="20220210 09:37:32.044"/>
</kw>
<kw name="Post Request" library="RequestsLibrary">
<var>${response}</var>
<arg>login</arg>
<arg>/login</arg>
<arg>headers=${header}</arg>
<arg>json=${body}</arg>
<doc>Send a POST request on the session object found using the
given `alias`</doc>
<msg timestamp="20220210 09:37:32.044" level="INFO">POST Request using : uri=/login, params=None, files=None, allow_redirects=True, timeout=None
headers={'User-Agent': 'python-requests/2.26.0', 'Accept-Encoding': 'gzip, deflate', 'Accept': '*/*', 'Connection': 'keep-alive', 'content-type': 'application/json'} 
data=None 
json={'email': 'fulano@qa.com', 'password': 'senha_incorreta'}</msg>
<msg timestamp="20220210 09:37:32.056" level="INFO">${response} = &lt;Response [401]&gt;</msg>
<status status="PASS" starttime="20220210 09:37:32.044" endtime="20220210 09:37:32.056"/>
</kw>
<kw name="Log" library="BuiltIn">
<arg>${response}</arg>
<doc>Logs the given message with the given level.</doc>
<msg timestamp="20220210 09:37:32.057" level="INFO">&lt;Response [401]&gt;</msg>
<status status="PASS" starttime="20220210 09:37:32.056" endtime="20220210 09:37:32.057"/>
</kw>
<kw name="Set Test Variable" library="BuiltIn">
<arg>${response}</arg>
<doc>Makes a variable available everywhere within the scope of the current test.</doc>
<msg timestamp="20220210 09:37:32.057" level="INFO">${response} = &lt;Response [401]&gt;</msg>
<status status="PASS" starttime="20220210 09:37:32.057" endtime="20220210 09:37:32.057"/>
</kw>
<status status="PASS" starttime="20220210 09:37:32.042" endtime="20220210 09:37:32.057"/>
</kw>
<kw name="Should Be Equal As Numbers" library="BuiltIn">
<arg>${response.status_code}</arg>
<arg>401</arg>
<doc>Fails if objects are unequal after converting them to real numbers.</doc>
<msg timestamp="20220210 09:37:32.061" level="INFO">Argument types are:
&lt;class 'int'&gt;
&lt;type 'unicode'&gt;</msg>
<status status="PASS" starttime="20220210 09:37:32.058" endtime="20220210 09:37:32.061"/>
</kw>
<kw name="Should Be Equal As Strings" library="BuiltIn">
<arg>${response.json()["message"]}</arg>
<arg>${MSG_EMAIL_OU_SENHA_INCORRETOS}</arg>
<doc>Fails if objects are unequal after converting them to strings.</doc>
<status status="PASS" starttime="20220210 09:37:32.063" endtime="20220210 09:37:32.065"/>
</kw>
<tag>@login</tag>
<status status="PASS" starttime="20220210 09:37:32.041" endtime="20220210 09:37:32.066"/>
</test>
<test id="s1-t4" name="Realizar Login credenciais inválidas">
<kw name="Realizar Login" library="LoginKeywords">
<arg>${EMAIL_INCORRETO}</arg>
<arg>${PASSWORD_INCORRETO}</arg>
<doc>kw utilizada para login</doc>
<kw name="Create Dictionary" library="BuiltIn">
<var>${header}</var>
<arg>content-type=application/json</arg>
<doc>Creates and returns a dictionary based on the given ``items``.</doc>
<msg timestamp="20220210 09:37:32.068" level="INFO">${header} = {'content-type': 'application/json'}</msg>
<status status="PASS" starttime="20220210 09:37:32.068" endtime="20220210 09:37:32.068"/>
</kw>
<kw name="Create Dictionary" library="BuiltIn">
<var>${body}</var>
<arg>email=${EMAIL}</arg>
<arg>password=${PASSWORD}</arg>
<doc>Creates and returns a dictionary based on the given ``items``.</doc>
<msg timestamp="20220210 09:37:32.068" level="INFO">${body} = {'email': 'email@incorreto.com', 'password': 'senha_incorreta'}</msg>
<status status="PASS" starttime="20220210 09:37:32.068" endtime="20220210 09:37:32.068"/>
</kw>
<kw name="Create Session" library="RequestsLibrary">
<arg>login</arg>
<arg>${URL_LOCAL}</arg>
<doc>Create Session: create a HTTP session to a server</doc>
<msg timestamp="20220210 09:37:32.068" level="INFO">Creating Session using : alias=login, url=http://localhost:3000, headers={},                     cookies={}, auth=None, timeout=None, proxies=None, verify=False,                     debug=0 </msg>
<status status="PASS" starttime="20220210 09:37:32.068" endtime="20220210 09:37:32.068"/>
</kw>
<kw name="Post Request" library="RequestsLibrary">
<var>${response}</var>
<arg>login</arg>
<arg>/login</arg>
<arg>headers=${header}</arg>
<arg>json=${body}</arg>
<doc>Send a POST request on the session object found using the
given `alias`</doc>
<msg timestamp="20220210 09:37:32.068" level="INFO">POST Request using : uri=/login, params=None, files=None, allow_redirects=True, timeout=None
headers={'User-Agent': 'python-requests/2.26.0', 'Accept-Encoding': 'gzip, deflate', 'Accept': '*/*', 'Connection': 'keep-alive', 'content-type': 'application/json'} 
data=None 
json={'email': 'email@incorreto.com', 'password': 'senha_incorreta'}</msg>
<msg timestamp="20220210 09:37:32.084" level="INFO">${response} = &lt;Response [401]&gt;</msg>
<status status="PASS" starttime="20220210 09:37:32.068" endtime="20220210 09:37:32.084"/>
</kw>
<kw name="Log" library="BuiltIn">
<arg>${response}</arg>
<doc>Logs the given message with the given level.</doc>
<msg timestamp="20220210 09:37:32.084" level="INFO">&lt;Response [401]&gt;</msg>
<status status="PASS" starttime="20220210 09:37:32.084" endtime="20220210 09:37:32.084"/>
</kw>
<kw name="Set Test Variable" library="BuiltIn">
<arg>${response}</arg>
<doc>Makes a variable available everywhere within the scope of the current test.</doc>
<msg timestamp="20220210 09:37:32.086" level="INFO">${response} = &lt;Response [401]&gt;</msg>
<status status="PASS" starttime="20220210 09:37:32.085" endtime="20220210 09:37:32.086"/>
</kw>
<status status="PASS" starttime="20220210 09:37:32.067" endtime="20220210 09:37:32.086"/>
</kw>
<kw name="Should Be Equal As Numbers" library="BuiltIn">
<arg>${response.status_code}</arg>
<arg>401</arg>
<doc>Fails if objects are unequal after converting them to real numbers.</doc>
<msg timestamp="20220210 09:37:32.087" level="INFO">Argument types are:
&lt;class 'int'&gt;
&lt;type 'unicode'&gt;</msg>
<status status="PASS" starttime="20220210 09:37:32.087" endtime="20220210 09:37:32.087"/>
</kw>
<kw name="Should Be Equal As Strings" library="BuiltIn">
<arg>${response.json()["message"]}</arg>
<arg>${MSG_EMAIL_OU_SENHA_INCORRETOS}</arg>
<doc>Fails if objects are unequal after converting them to strings.</doc>
<status status="PASS" starttime="20220210 09:37:32.088" endtime="20220210 09:37:32.089"/>
</kw>
<tag>@login</tag>
<tag>@regression</tag>
<status status="PASS" starttime="20220210 09:37:32.067" endtime="20220210 09:37:32.090"/>
</test>
<test id="s1-t5" name="Realizar Login credenciais não preenchidas">
<kw name="Realizar Login" library="LoginKeywords">
<arg>${empty}</arg>
<arg>${empty}</arg>
<doc>kw utilizada para login</doc>
<kw name="Create Dictionary" library="BuiltIn">
<var>${header}</var>
<arg>content-type=application/json</arg>
<doc>Creates and returns a dictionary based on the given ``items``.</doc>
<msg timestamp="20220210 09:37:32.098" level="INFO">${header} = {'content-type': 'application/json'}</msg>
<status status="PASS" starttime="20220210 09:37:32.098" endtime="20220210 09:37:32.098"/>
</kw>
<kw name="Create Dictionary" library="BuiltIn">
<var>${body}</var>
<arg>email=${EMAIL}</arg>
<arg>password=${PASSWORD}</arg>
<doc>Creates and returns a dictionary based on the given ``items``.</doc>
<msg timestamp="20220210 09:37:32.099" level="INFO">${body} = {'email': '', 'password': ''}</msg>
<status status="PASS" starttime="20220210 09:37:32.098" endtime="20220210 09:37:32.099"/>
</kw>
<kw name="Create Session" library="RequestsLibrary">
<arg>login</arg>
<arg>${URL_LOCAL}</arg>
<doc>Create Session: create a HTTP session to a server</doc>
<msg timestamp="20220210 09:37:32.099" level="INFO">Creating Session using : alias=login, url=http://localhost:3000, headers={},                     cookies={}, auth=None, timeout=None, proxies=None, verify=False,                     debug=0 </msg>
<status status="PASS" starttime="20220210 09:37:32.099" endtime="20220210 09:37:32.100"/>
</kw>
<kw name="Post Request" library="RequestsLibrary">
<var>${response}</var>
<arg>login</arg>
<arg>/login</arg>
<arg>headers=${header}</arg>
<arg>json=${body}</arg>
<doc>Send a POST request on the session object found using the
given `alias`</doc>
<msg timestamp="20220210 09:37:32.101" level="INFO">POST Request using : uri=/login, params=None, files=None, allow_redirects=True, timeout=None
headers={'User-Agent': 'python-requests/2.26.0', 'Accept-Encoding': 'gzip, deflate', 'Accept': '*/*', 'Connection': 'keep-alive', 'content-type': 'application/json'} 
data=None 
json={'email': '', 'password': ''}</msg>
<msg timestamp="20220210 09:37:32.120" level="INFO">${response} = &lt;Response [400]&gt;</msg>
<status status="PASS" starttime="20220210 09:37:32.100" endtime="20220210 09:37:32.121"/>
</kw>
<kw name="Log" library="BuiltIn">
<arg>${response}</arg>
<doc>Logs the given message with the given level.</doc>
<msg timestamp="20220210 09:37:32.121" level="INFO">&lt;Response [400]&gt;</msg>
<status status="PASS" starttime="20220210 09:37:32.121" endtime="20220210 09:37:32.121"/>
</kw>
<kw name="Set Test Variable" library="BuiltIn">
<arg>${response}</arg>
<doc>Makes a variable available everywhere within the scope of the current test.</doc>
<msg timestamp="20220210 09:37:32.122" level="INFO">${response} = &lt;Response [400]&gt;</msg>
<status status="PASS" starttime="20220210 09:37:32.122" endtime="20220210 09:37:32.122"/>
</kw>
<status status="PASS" starttime="20220210 09:37:32.094" endtime="20220210 09:37:32.123"/>
</kw>
<kw name="Should Be Equal As Numbers" library="BuiltIn">
<arg>${response.status_code}</arg>
<arg>400</arg>
<doc>Fails if objects are unequal after converting them to real numbers.</doc>
<msg timestamp="20220210 09:37:32.127" level="INFO">Argument types are:
&lt;class 'int'&gt;
&lt;type 'unicode'&gt;</msg>
<status status="PASS" starttime="20220210 09:37:32.124" endtime="20220210 09:37:32.127"/>
</kw>
<kw name="Should Be Equal As Strings" library="BuiltIn">
<arg>${response.json()["email"]}</arg>
<arg>${MSG_EMAIL_NÃO_PREENCHIDO}</arg>
<doc>Fails if objects are unequal after converting them to strings.</doc>
<status status="PASS" starttime="20220210 09:37:32.131" endtime="20220210 09:37:32.131"/>
</kw>
<kw name="Should Be Equal As Strings" library="BuiltIn">
<arg>${response.json()["password"]}</arg>
<arg>${MSG_SENHA_NÃO_PREENCHIDA}</arg>
<doc>Fails if objects are unequal after converting them to strings.</doc>
<status status="PASS" starttime="20220210 09:37:32.133" endtime="20220210 09:37:32.134"/>
</kw>
<tag>@login</tag>
<status status="PASS" starttime="20220210 09:37:32.093" endtime="20220210 09:37:32.135"/>
</test>
<test id="s1-t6" name="Realizar Login email inválidas">
<kw name="Realizar Login" library="LoginKeywords">
<arg>${EMAIL_INVALIDO}</arg>
<arg>${PASSWORD_CORRETO}</arg>
<doc>kw utilizada para login</doc>
<kw name="Create Dictionary" library="BuiltIn">
<var>${header}</var>
<arg>content-type=application/json</arg>
<doc>Creates and returns a dictionary based on the given ``items``.</doc>
<msg timestamp="20220210 09:37:32.139" level="INFO">${header} = {'content-type': 'application/json'}</msg>
<status status="PASS" starttime="20220210 09:37:32.139" endtime="20220210 09:37:32.139"/>
</kw>
<kw name="Create Dictionary" library="BuiltIn">
<var>${body}</var>
<arg>email=${EMAIL}</arg>
<arg>password=${PASSWORD}</arg>
<doc>Creates and returns a dictionary based on the given ``items``.</doc>
<msg timestamp="20220210 09:37:32.140" level="INFO">${body} = {'email': 'email_inválido', 'password': 'teste'}</msg>
<status status="PASS" starttime="20220210 09:37:32.140" endtime="20220210 09:37:32.140"/>
</kw>
<kw name="Create Session" library="RequestsLibrary">
<arg>login</arg>
<arg>${URL_LOCAL}</arg>
<doc>Create Session: create a HTTP session to a server</doc>
<msg timestamp="20220210 09:37:32.141" level="INFO">Creating Session using : alias=login, url=http://localhost:3000, headers={},                     cookies={}, auth=None, timeout=None, proxies=None, verify=False,                     debug=0 </msg>
<status status="PASS" starttime="20220210 09:37:32.141" endtime="20220210 09:37:32.142"/>
</kw>
<kw name="Post Request" library="RequestsLibrary">
<var>${response}</var>
<arg>login</arg>
<arg>/login</arg>
<arg>headers=${header}</arg>
<arg>json=${body}</arg>
<doc>Send a POST request on the session object found using the
given `alias`</doc>
<msg timestamp="20220210 09:37:32.144" level="INFO">POST Request using : uri=/login, params=None, files=None, allow_redirects=True, timeout=None
headers={'User-Agent': 'python-requests/2.26.0', 'Accept-Encoding': 'gzip, deflate', 'Accept': '*/*', 'Connection': 'keep-alive', 'content-type': 'application/json'} 
data=None 
json={'email': 'email_inválido', 'password': 'teste'}</msg>
<msg timestamp="20220210 09:37:32.156" level="INFO">${response} = &lt;Response [400]&gt;</msg>
<status status="PASS" starttime="20220210 09:37:32.143" endtime="20220210 09:37:32.156"/>
</kw>
<kw name="Log" library="BuiltIn">
<arg>${response}</arg>
<doc>Logs the given message with the given level.</doc>
<msg timestamp="20220210 09:37:32.157" level="INFO">&lt;Response [400]&gt;</msg>
<status status="PASS" starttime="20220210 09:37:32.157" endtime="20220210 09:37:32.157"/>
</kw>
<kw name="Set Test Variable" library="BuiltIn">
<arg>${response}</arg>
<doc>Makes a variable available everywhere within the scope of the current test.</doc>
<msg timestamp="20220210 09:37:32.158" level="INFO">${response} = &lt;Response [400]&gt;</msg>
<status status="PASS" starttime="20220210 09:37:32.157" endtime="20220210 09:37:32.159"/>
</kw>
<status status="PASS" starttime="20220210 09:37:32.138" endtime="20220210 09:37:32.159"/>
</kw>
<kw name="Should Be Equal As Numbers" library="BuiltIn">
<arg>${response.status_code}</arg>
<arg>400</arg>
<doc>Fails if objects are unequal after converting them to real numbers.</doc>
<msg timestamp="20220210 09:37:32.165" level="INFO">Argument types are:
&lt;class 'int'&gt;
&lt;type 'unicode'&gt;</msg>
<status status="PASS" starttime="20220210 09:37:32.162" endtime="20220210 09:37:32.166"/>
</kw>
<kw name="Should Be Equal As Strings" library="BuiltIn">
<arg>${response.json()["email"]}</arg>
<arg>${MSG_EMAIL_INVALIDO}</arg>
<doc>Fails if objects are unequal after converting them to strings.</doc>
<status status="PASS" starttime="20220210 09:37:32.166" endtime="20220210 09:37:32.168"/>
</kw>
<tag>@login</tag>
<status status="PASS" starttime="20220210 09:37:32.137" endtime="20220210 09:37:32.170"/>
</test>
<doc>Teste de Login</doc>
<status status="PASS" starttime="20220210 09:37:30.907" endtime="20220210 09:37:32.172"/>
</suite>
<statistics>
<total>
<stat pass="6" fail="0" skip="0">All Tests</stat>
</total>
<tag>
<stat pass="6" fail="0" skip="0">@login</stat>
<stat pass="2" fail="0" skip="0">@regression</stat>
</tag>
<suite>
<stat pass="6" fail="0" skip="0" id="s1" name="LoginTest">LoginTest</stat>
</suite>
</statistics>
<errors>
</errors>
</robot>
